{"D:\\Programmable\\NodeProject\\istanbul-exploration\\spec\\specs.js":{"path":"D:\\Programmable\\NodeProject\\istanbul-exploration\\spec\\specs.js","s":{"1":1,"2":1,"3":1,"4":1,"5":1,"6":1,"7":1,"8":1},"b":{},"f":{},"fnMap":{},"statementMap":{"1":{"start":{"line":1,"column":0},"end":{"line":1,"column":35}},"2":{"start":{"line":2,"column":0},"end":{"line":2,"column":67}},"3":{"start":{"line":3,"column":0},"end":{"line":3,"column":30}},"4":{"start":{"line":4,"column":0},"end":{"line":10,"column":3}},"5":{"start":{"line":11,"column":0},"end":{"line":11,"column":30}},"6":{"start":{"line":12,"column":0},"end":{"line":12,"column":25}},"7":{"start":{"line":13,"column":0},"end":{"line":13,"column":44}},"8":{"start":{"line":14,"column":0},"end":{"line":14,"column":18}}},"branchMap":{}},"D:\\Programmable\\NodeProject\\istanbul-exploration\\spec\\unit\\unitTest1.spec.js":{"path":"D:\\Programmable\\NodeProject\\istanbul-exploration\\spec\\unit\\unitTest1.spec.js","s":{"1":1,"2":1,"3":1,"4":1,"5":1,"6":1,"7":1,"8":1},"b":{},"f":{"1":1,"2":1,"3":1},"fnMap":{"1":{"name":"(anonymous_1)","line":3,"loc":{"start":{"line":3,"column":48},"end":{"line":3,"column":59}}},"2":{"name":"(anonymous_2)","line":7,"loc":{"start":{"line":7,"column":15},"end":{"line":7,"column":26}}},"3":{"name":"(anonymous_3)","line":10,"loc":{"start":{"line":10,"column":34},"end":{"line":10,"column":45}}}},"statementMap":{"1":{"start":{"line":1,"column":0},"end":{"line":1,"column":48}},"2":{"start":{"line":3,"column":0},"end":{"line":16,"column":3}},"3":{"start":{"line":5,"column":4},"end":{"line":5,"column":17}},"4":{"start":{"line":7,"column":4},"end":{"line":8,"column":7}},"5":{"start":{"line":10,"column":4},"end":{"line":15,"column":7}},"6":{"start":{"line":11,"column":8},"end":{"line":11,"column":21}},"7":{"start":{"line":12,"column":8},"end":{"line":12,"column":52}},"8":{"start":{"line":14,"column":8},"end":{"line":14,"column":35}}},"branchMap":{}},"D:\\Programmable\\NodeProject\\istanbul-exploration\\struct\\sequence.js":{"path":"D:\\Programmable\\NodeProject\\istanbul-exploration\\struct\\sequence.js","s":{"1":1,"2":1,"3":1,"4":1},"b":{},"f":{"1":1,"2":1},"fnMap":{"1":{"name":"sequence","line":1,"loc":{"start":{"line":1,"column":0},"end":{"line":1,"column":20}}},"2":{"name":"(anonymous_2)","line":3,"loc":{"start":{"line":3,"column":23},"end":{"line":3,"column":36}}}},"statementMap":{"1":{"start":{"line":1,"column":0},"end":{"line":6,"column":1}},"2":{"start":{"line":3,"column":4},"end":{"line":5,"column":5}},"3":{"start":{"line":4,"column":8},"end":{"line":4,"column":19}},"4":{"start":{"line":8,"column":0},"end":{"line":8,"column":32}}},"branchMap":{}},"D:\\Programmable\\NodeProject\\istanbul-exploration\\spec\\unit\\unitTest2.spec.js":{"path":"D:\\Programmable\\NodeProject\\istanbul-exploration\\spec\\unit\\unitTest2.spec.js","s":{"1":1,"2":1,"3":1,"4":1,"5":1,"6":1,"7":1,"8":1,"9":1,"10":1,"11":1,"12":1,"13":1,"14":1,"15":1,"16":1,"17":1,"18":1,"19":1,"20":1,"21":1,"22":1,"23":1,"24":1,"25":1,"26":1,"27":1,"28":1,"29":1,"30":1},"b":{},"f":{"1":1,"2":5,"3":1,"4":1,"5":1,"6":1,"7":1},"fnMap":{"1":{"name":"(anonymous_1)","line":3,"loc":{"start":{"line":3,"column":40},"end":{"line":3,"column":51}}},"2":{"name":"(anonymous_2)","line":8,"loc":{"start":{"line":8,"column":15},"end":{"line":8,"column":26}}},"3":{"name":"(anonymous_3)","line":11,"loc":{"start":{"line":11,"column":63},"end":{"line":11,"column":74}}},"4":{"name":"(anonymous_4)","line":20,"loc":{"start":{"line":20,"column":54},"end":{"line":20,"column":65}}},"5":{"name":"(anonymous_5)","line":29,"loc":{"start":{"line":29,"column":51},"end":{"line":29,"column":62}}},"6":{"name":"(anonymous_6)","line":38,"loc":{"start":{"line":38,"column":52},"end":{"line":38,"column":63}}},"7":{"name":"(anonymous_7)","line":47,"loc":{"start":{"line":47,"column":41},"end":{"line":47,"column":52}}}},"statementMap":{"1":{"start":{"line":1,"column":0},"end":{"line":1,"column":49}},"2":{"start":{"line":3,"column":0},"end":{"line":55,"column":3}},"3":{"start":{"line":5,"column":4},"end":{"line":5,"column":17}},"4":{"start":{"line":6,"column":4},"end":{"line":6,"column":17}},"5":{"start":{"line":8,"column":4},"end":{"line":9,"column":7}},"6":{"start":{"line":11,"column":4},"end":{"line":18,"column":7}},"7":{"start":{"line":13,"column":8},"end":{"line":13,"column":21}},"8":{"start":{"line":14,"column":8},"end":{"line":14,"column":22}},"9":{"start":{"line":15,"column":8},"end":{"line":15,"column":66}},"10":{"start":{"line":17,"column":8},"end":{"line":17,"column":36}},"11":{"start":{"line":20,"column":4},"end":{"line":27,"column":7}},"12":{"start":{"line":22,"column":8},"end":{"line":22,"column":22}},"13":{"start":{"line":23,"column":8},"end":{"line":23,"column":21}},"14":{"start":{"line":24,"column":8},"end":{"line":24,"column":66}},"15":{"start":{"line":26,"column":8},"end":{"line":26,"column":35}},"16":{"start":{"line":29,"column":4},"end":{"line":36,"column":7}},"17":{"start":{"line":31,"column":8},"end":{"line":31,"column":22}},"18":{"start":{"line":32,"column":8},"end":{"line":32,"column":21}},"19":{"start":{"line":33,"column":8},"end":{"line":33,"column":70}},"20":{"start":{"line":35,"column":8},"end":{"line":35,"column":34}},"21":{"start":{"line":38,"column":4},"end":{"line":45,"column":7}},"22":{"start":{"line":40,"column":8},"end":{"line":40,"column":21}},"23":{"start":{"line":41,"column":8},"end":{"line":41,"column":21}},"24":{"start":{"line":42,"column":8},"end":{"line":42,"column":70}},"25":{"start":{"line":44,"column":8},"end":{"line":44,"column":34}},"26":{"start":{"line":47,"column":4},"end":{"line":54,"column":7}},"27":{"start":{"line":49,"column":8},"end":{"line":49,"column":22}},"28":{"start":{"line":50,"column":8},"end":{"line":50,"column":21}},"29":{"start":{"line":51,"column":8},"end":{"line":51,"column":68}},"30":{"start":{"line":53,"column":8},"end":{"line":53,"column":35}}},"branchMap":{}},"D:\\Programmable\\NodeProject\\istanbul-exploration\\struct\\selection.js":{"path":"D:\\Programmable\\NodeProject\\istanbul-exploration\\struct\\selection.js","s":{"1":1,"2":1,"3":2,"4":2,"5":1,"6":2,"7":2,"8":1,"9":2,"10":2,"11":1,"12":1,"13":2,"14":1,"15":1,"16":1,"17":1,"18":1,"19":0,"20":0,"21":0,"22":0,"23":0,"24":0,"25":0,"26":0,"27":1,"28":1,"29":0,"30":0,"31":0,"32":0,"33":1,"34":0,"35":0,"36":0,"37":0,"38":0,"39":1,"40":0,"41":0,"42":0,"43":0,"44":0,"45":1,"46":0,"47":0,"48":0,"49":0,"50":0,"51":0,"52":0,"53":1},"b":{"1":[1,1],"2":[1,1],"3":[1,0,0,0,0],"4":[0,0],"5":[0,0],"6":[0,0],"7":[0,0],"8":[0,0],"9":[0,0],"10":[0,0],"11":[0,0],"12":[0,0]},"f":{"1":1,"2":2,"3":2,"4":1,"5":0,"6":0,"7":0,"8":0},"fnMap":{"1":{"name":"selection","line":1,"loc":{"start":{"line":1,"column":0},"end":{"line":1,"column":20}}},"2":{"name":"(anonymous_2)","line":3,"loc":{"start":{"line":3,"column":26},"end":{"line":3,"column":40}}},"3":{"name":"(anonymous_3)","line":14,"loc":{"start":{"line":14,"column":30},"end":{"line":14,"column":44}}},"4":{"name":"(anonymous_4)","line":25,"loc":{"start":{"line":25,"column":25},"end":{"line":25,"column":44}}},"5":{"name":"(anonymous_5)","line":38,"loc":{"start":{"line":38,"column":24},"end":{"line":38,"column":49}}},"6":{"name":"(anonymous_6)","line":47,"loc":{"start":{"line":47,"column":30},"end":{"line":47,"column":41}}},"7":{"name":"(anonymous_7)","line":59,"loc":{"start":{"line":59,"column":24},"end":{"line":59,"column":49}}},"8":{"name":"(anonymous_8)","line":70,"loc":{"start":{"line":70,"column":24},"end":{"line":70,"column":49}}}},"statementMap":{"1":{"start":{"line":1,"column":0},"end":{"line":98,"column":1}},"2":{"start":{"line":3,"column":4},"end":{"line":12,"column":5}},"3":{"start":{"line":4,"column":8},"end":{"line":4,"column":19}},"4":{"start":{"line":5,"column":8},"end":{"line":7,"column":9}},"5":{"start":{"line":6,"column":12},"end":{"line":6,"column":19}},"6":{"start":{"line":9,"column":8},"end":{"line":9,"column":39}},"7":{"start":{"line":11,"column":8},"end":{"line":11,"column":22}},"8":{"start":{"line":14,"column":4},"end":{"line":23,"column":5}},"9":{"start":{"line":15,"column":8},"end":{"line":15,"column":23}},"10":{"start":{"line":16,"column":8},"end":{"line":20,"column":9}},"11":{"start":{"line":17,"column":12},"end":{"line":17,"column":26}},"12":{"start":{"line":19,"column":12},"end":{"line":19,"column":36}},"13":{"start":{"line":22,"column":8},"end":{"line":22,"column":22}},"14":{"start":{"line":25,"column":4},"end":{"line":36,"column":5}},"15":{"start":{"line":26,"column":8},"end":{"line":26,"column":19}},"16":{"start":{"line":27,"column":8},"end":{"line":33,"column":9}},"17":{"start":{"line":28,"column":20},"end":{"line":28,"column":33}},"18":{"start":{"line":28,"column":34},"end":{"line":28,"column":40}},"19":{"start":{"line":29,"column":20},"end":{"line":29,"column":33}},"20":{"start":{"line":29,"column":34},"end":{"line":29,"column":40}},"21":{"start":{"line":30,"column":20},"end":{"line":30,"column":33}},"22":{"start":{"line":30,"column":34},"end":{"line":30,"column":40}},"23":{"start":{"line":31,"column":20},"end":{"line":31,"column":33}},"24":{"start":{"line":31,"column":34},"end":{"line":31,"column":40}},"25":{"start":{"line":32,"column":21},"end":{"line":32,"column":32}},"26":{"start":{"line":32,"column":33},"end":{"line":32,"column":39}},"27":{"start":{"line":35,"column":8},"end":{"line":35,"column":22}},"28":{"start":{"line":38,"column":4},"end":{"line":45,"column":5}},"29":{"start":{"line":39,"column":8},"end":{"line":43,"column":9}},"30":{"start":{"line":40,"column":12},"end":{"line":42,"column":13}},"31":{"start":{"line":41,"column":16},"end":{"line":41,"column":31}},"32":{"start":{"line":44,"column":8},"end":{"line":44,"column":18}},"33":{"start":{"line":47,"column":4},"end":{"line":57,"column":5}},"34":{"start":{"line":48,"column":8},"end":{"line":54,"column":9}},"35":{"start":{"line":49,"column":12},"end":{"line":53,"column":13}},"36":{"start":{"line":50,"column":16},"end":{"line":50,"column":25}},"37":{"start":{"line":52,"column":16},"end":{"line":52,"column":25}},"38":{"start":{"line":56,"column":8},"end":{"line":56,"column":16}},"39":{"start":{"line":59,"column":4},"end":{"line":68,"column":5}},"40":{"start":{"line":60,"column":8},"end":{"line":66,"column":9}},"41":{"start":{"line":61,"column":12},"end":{"line":61,"column":21}},"42":{"start":{"line":63,"column":12},"end":{"line":65,"column":13}},"43":{"start":{"line":64,"column":16},"end":{"line":64,"column":33}},"44":{"start":{"line":67,"column":8},"end":{"line":67,"column":21}},"45":{"start":{"line":70,"column":4},"end":{"line":83,"column":5}},"46":{"start":{"line":71,"column":8},"end":{"line":71,"column":22}},"47":{"start":{"line":73,"column":8},"end":{"line":81,"column":9}},"48":{"start":{"line":74,"column":12},"end":{"line":76,"column":13}},"49":{"start":{"line":75,"column":16},"end":{"line":75,"column":33}},"50":{"start":{"line":78,"column":12},"end":{"line":80,"column":13}},"51":{"start":{"line":79,"column":16},"end":{"line":79,"column":32}},"52":{"start":{"line":82,"column":8},"end":{"line":82,"column":18}},"53":{"start":{"line":100,"column":0},"end":{"line":100,"column":33}}},"branchMap":{"1":{"line":5,"type":"if","locations":[{"start":{"line":5,"column":8},"end":{"line":5,"column":8}},{"start":{"line":5,"column":8},"end":{"line":5,"column":8}}]},"2":{"line":16,"type":"if","locations":[{"start":{"line":16,"column":8},"end":{"line":16,"column":8}},{"start":{"line":16,"column":8},"end":{"line":16,"column":8}}]},"3":{"line":27,"type":"switch","locations":[{"start":{"line":28,"column":12},"end":{"line":28,"column":40}},{"start":{"line":29,"column":12},"end":{"line":29,"column":40}},{"start":{"line":30,"column":12},"end":{"line":30,"column":40}},{"start":{"line":31,"column":12},"end":{"line":31,"column":40}},{"start":{"line":32,"column":12},"end":{"line":32,"column":39}}]},"4":{"line":39,"type":"if","locations":[{"start":{"line":39,"column":8},"end":{"line":39,"column":8}},{"start":{"line":39,"column":8},"end":{"line":39,"column":8}}]},"5":{"line":40,"type":"if","locations":[{"start":{"line":40,"column":12},"end":{"line":40,"column":12}},{"start":{"line":40,"column":12},"end":{"line":40,"column":12}}]},"6":{"line":48,"type":"if","locations":[{"start":{"line":48,"column":8},"end":{"line":48,"column":8}},{"start":{"line":48,"column":8},"end":{"line":48,"column":8}}]},"7":{"line":49,"type":"if","locations":[{"start":{"line":49,"column":12},"end":{"line":49,"column":12}},{"start":{"line":49,"column":12},"end":{"line":49,"column":12}}]},"8":{"line":60,"type":"if","locations":[{"start":{"line":60,"column":8},"end":{"line":60,"column":8}},{"start":{"line":60,"column":8},"end":{"line":60,"column":8}}]},"9":{"line":63,"type":"if","locations":[{"start":{"line":63,"column":12},"end":{"line":63,"column":12}},{"start":{"line":63,"column":12},"end":{"line":63,"column":12}}]},"10":{"line":73,"type":"if","locations":[{"start":{"line":73,"column":8},"end":{"line":73,"column":8}},{"start":{"line":73,"column":8},"end":{"line":73,"column":8}}]},"11":{"line":74,"type":"if","locations":[{"start":{"line":74,"column":12},"end":{"line":74,"column":12}},{"start":{"line":74,"column":12},"end":{"line":74,"column":12}}]},"12":{"line":78,"type":"if","locations":[{"start":{"line":78,"column":12},"end":{"line":78,"column":12}},{"start":{"line":78,"column":12},"end":{"line":78,"column":12}}]}}},"D:\\Programmable\\NodeProject\\istanbul-exploration\\index.js":{"path":"D:\\Programmable\\NodeProject\\istanbul-exploration\\index.js","s":{"1":0,"2":0,"3":0,"4":0,"5":0,"6":0,"7":0,"8":0,"9":0,"10":0,"11":0},"b":{},"f":{"1":0},"fnMap":{"1":{"name":"(anonymous_1)","line":27,"loc":{"start":{"line":27,"column":13},"end":{"line":27,"column":32}}}},"statementMap":{"1":{"start":{"line":1,"column":0},"end":{"line":1,"column":33}},"2":{"start":{"line":2,"column":0},"end":{"line":2,"column":40}},"3":{"start":{"line":3,"column":0},"end":{"line":3,"column":27}},"4":{"start":{"line":4,"column":0},"end":{"line":4,"column":20}},"5":{"start":{"line":6,"column":0},"end":{"line":6,"column":36}},"6":{"start":{"line":8,"column":0},"end":{"line":8,"column":52}},"7":{"start":{"line":9,"column":0},"end":{"line":9,"column":27}},"8":{"start":{"line":27,"column":0},"end":{"line":29,"column":3}},"9":{"start":{"line":28,"column":4},"end":{"line":28,"column":59}},"10":{"start":{"line":31,"column":0},"end":{"line":31,"column":17}},"11":{"start":{"line":32,"column":0},"end":{"line":32,"column":21}}},"branchMap":{}}}