{"D:\\Programmable\\NodeProject\\istanbul-exploration\\spec\\specs.js":{"path":"D:\\Programmable\\NodeProject\\istanbul-exploration\\spec\\specs.js","s":{"1":1,"2":1,"3":1,"4":1,"5":1,"6":1,"7":1,"8":1},"b":{},"f":{},"fnMap":{},"statementMap":{"1":{"start":{"line":1,"column":0},"end":{"line":1,"column":35}},"2":{"start":{"line":2,"column":0},"end":{"line":2,"column":67}},"3":{"start":{"line":3,"column":0},"end":{"line":3,"column":30}},"4":{"start":{"line":4,"column":0},"end":{"line":10,"column":3}},"5":{"start":{"line":11,"column":0},"end":{"line":11,"column":30}},"6":{"start":{"line":12,"column":0},"end":{"line":12,"column":25}},"7":{"start":{"line":13,"column":0},"end":{"line":13,"column":44}},"8":{"start":{"line":14,"column":0},"end":{"line":14,"column":18}}},"branchMap":{}},"D:\\Programmable\\NodeProject\\istanbul-exploration\\spec\\unit\\unitTest1.spec.js":{"path":"D:\\Programmable\\NodeProject\\istanbul-exploration\\spec\\unit\\unitTest1.spec.js","s":{"1":1,"2":1,"3":1,"4":1,"5":1,"6":1,"7":1,"8":1},"b":{},"f":{"1":1,"2":1,"3":1},"fnMap":{"1":{"name":"(anonymous_1)","line":3,"loc":{"start":{"line":3,"column":48},"end":{"line":3,"column":59}}},"2":{"name":"(anonymous_2)","line":7,"loc":{"start":{"line":7,"column":15},"end":{"line":7,"column":26}}},"3":{"name":"(anonymous_3)","line":10,"loc":{"start":{"line":10,"column":34},"end":{"line":10,"column":45}}}},"statementMap":{"1":{"start":{"line":1,"column":0},"end":{"line":1,"column":48}},"2":{"start":{"line":3,"column":0},"end":{"line":16,"column":3}},"3":{"start":{"line":5,"column":4},"end":{"line":5,"column":17}},"4":{"start":{"line":7,"column":4},"end":{"line":8,"column":7}},"5":{"start":{"line":10,"column":4},"end":{"line":15,"column":7}},"6":{"start":{"line":11,"column":8},"end":{"line":11,"column":21}},"7":{"start":{"line":12,"column":8},"end":{"line":12,"column":52}},"8":{"start":{"line":14,"column":8},"end":{"line":14,"column":35}}},"branchMap":{}},"D:\\Programmable\\NodeProject\\istanbul-exploration\\struct\\sequence.js":{"path":"D:\\Programmable\\NodeProject\\istanbul-exploration\\struct\\sequence.js","s":{"1":1,"2":1,"3":1,"4":1},"b":{},"f":{"1":1,"2":1},"fnMap":{"1":{"name":"sequence","line":1,"loc":{"start":{"line":1,"column":0},"end":{"line":1,"column":20}}},"2":{"name":"(anonymous_2)","line":3,"loc":{"start":{"line":3,"column":23},"end":{"line":3,"column":36}}}},"statementMap":{"1":{"start":{"line":1,"column":0},"end":{"line":6,"column":1}},"2":{"start":{"line":3,"column":4},"end":{"line":5,"column":5}},"3":{"start":{"line":4,"column":8},"end":{"line":4,"column":19}},"4":{"start":{"line":8,"column":0},"end":{"line":8,"column":32}}},"branchMap":{}},"D:\\Programmable\\NodeProject\\istanbul-exploration\\spec\\unit\\unitTest2.spec.js":{"path":"D:\\Programmable\\NodeProject\\istanbul-exploration\\spec\\unit\\unitTest2.spec.js","s":{"1":1,"2":1,"3":1,"4":1,"5":1,"6":1,"7":1,"8":1,"9":1,"10":1,"11":1,"12":1,"13":1,"14":1,"15":1,"16":1,"17":1,"18":1,"19":1,"20":1,"21":1,"22":1,"23":1,"24":1,"25":1,"26":1,"27":1,"28":1,"29":1,"30":1},"b":{},"f":{"1":1,"2":5,"3":1,"4":1,"5":1,"6":1,"7":1},"fnMap":{"1":{"name":"(anonymous_1)","line":3,"loc":{"start":{"line":3,"column":40},"end":{"line":3,"column":51}}},"2":{"name":"(anonymous_2)","line":8,"loc":{"start":{"line":8,"column":15},"end":{"line":8,"column":26}}},"3":{"name":"(anonymous_3)","line":11,"loc":{"start":{"line":11,"column":63},"end":{"line":11,"column":74}}},"4":{"name":"(anonymous_4)","line":20,"loc":{"start":{"line":20,"column":54},"end":{"line":20,"column":65}}},"5":{"name":"(anonymous_5)","line":29,"loc":{"start":{"line":29,"column":51},"end":{"line":29,"column":62}}},"6":{"name":"(anonymous_6)","line":38,"loc":{"start":{"line":38,"column":52},"end":{"line":38,"column":63}}},"7":{"name":"(anonymous_7)","line":47,"loc":{"start":{"line":47,"column":41},"end":{"line":47,"column":52}}}},"statementMap":{"1":{"start":{"line":1,"column":0},"end":{"line":1,"column":49}},"2":{"start":{"line":3,"column":0},"end":{"line":55,"column":3}},"3":{"start":{"line":5,"column":4},"end":{"line":5,"column":17}},"4":{"start":{"line":6,"column":4},"end":{"line":6,"column":17}},"5":{"start":{"line":8,"column":4},"end":{"line":9,"column":7}},"6":{"start":{"line":11,"column":4},"end":{"line":18,"column":7}},"7":{"start":{"line":13,"column":8},"end":{"line":13,"column":21}},"8":{"start":{"line":14,"column":8},"end":{"line":14,"column":22}},"9":{"start":{"line":15,"column":8},"end":{"line":15,"column":66}},"10":{"start":{"line":17,"column":8},"end":{"line":17,"column":36}},"11":{"start":{"line":20,"column":4},"end":{"line":27,"column":7}},"12":{"start":{"line":22,"column":8},"end":{"line":22,"column":22}},"13":{"start":{"line":23,"column":8},"end":{"line":23,"column":21}},"14":{"start":{"line":24,"column":8},"end":{"line":24,"column":66}},"15":{"start":{"line":26,"column":8},"end":{"line":26,"column":35}},"16":{"start":{"line":29,"column":4},"end":{"line":36,"column":7}},"17":{"start":{"line":31,"column":8},"end":{"line":31,"column":22}},"18":{"start":{"line":32,"column":8},"end":{"line":32,"column":21}},"19":{"start":{"line":33,"column":8},"end":{"line":33,"column":70}},"20":{"start":{"line":35,"column":8},"end":{"line":35,"column":34}},"21":{"start":{"line":38,"column":4},"end":{"line":45,"column":7}},"22":{"start":{"line":40,"column":8},"end":{"line":40,"column":21}},"23":{"start":{"line":41,"column":8},"end":{"line":41,"column":21}},"24":{"start":{"line":42,"column":8},"end":{"line":42,"column":70}},"25":{"start":{"line":44,"column":8},"end":{"line":44,"column":34}},"26":{"start":{"line":47,"column":4},"end":{"line":54,"column":7}},"27":{"start":{"line":49,"column":8},"end":{"line":49,"column":22}},"28":{"start":{"line":50,"column":8},"end":{"line":50,"column":21}},"29":{"start":{"line":51,"column":8},"end":{"line":51,"column":68}},"30":{"start":{"line":53,"column":8},"end":{"line":53,"column":35}}},"branchMap":{}},"D:\\Programmable\\NodeProject\\istanbul-exploration\\struct\\selection.js":{"path":"D:\\Programmable\\NodeProject\\istanbul-exploration\\struct\\selection.js","s":{"1":1,"2":1,"3":2,"4":2,"5":1,"6":2,"7":2,"8":1,"9":2,"10":2,"11":1,"12":1,"13":2,"14":1,"15":1,"16":1,"17":0,"18":0,"19":0,"20":0,"21":0,"22":0,"23":0,"24":0,"25":1,"26":1,"27":1,"28":1},"b":{"1":[1,1],"2":[1,1],"3":[0,0,0,0,1]},"f":{"1":1,"2":2,"3":2,"4":1},"fnMap":{"1":{"name":"selection","line":1,"loc":{"start":{"line":1,"column":0},"end":{"line":1,"column":20}}},"2":{"name":"(anonymous_2)","line":3,"loc":{"start":{"line":3,"column":26},"end":{"line":3,"column":40}}},"3":{"name":"(anonymous_3)","line":14,"loc":{"start":{"line":14,"column":30},"end":{"line":14,"column":44}}},"4":{"name":"(anonymous_4)","line":25,"loc":{"start":{"line":25,"column":25},"end":{"line":25,"column":44}}}},"statementMap":{"1":{"start":{"line":1,"column":0},"end":{"line":37,"column":1}},"2":{"start":{"line":3,"column":4},"end":{"line":12,"column":5}},"3":{"start":{"line":4,"column":8},"end":{"line":4,"column":19}},"4":{"start":{"line":5,"column":8},"end":{"line":7,"column":9}},"5":{"start":{"line":6,"column":12},"end":{"line":6,"column":19}},"6":{"start":{"line":9,"column":8},"end":{"line":9,"column":39}},"7":{"start":{"line":11,"column":8},"end":{"line":11,"column":22}},"8":{"start":{"line":14,"column":4},"end":{"line":23,"column":5}},"9":{"start":{"line":15,"column":8},"end":{"line":15,"column":23}},"10":{"start":{"line":16,"column":8},"end":{"line":20,"column":9}},"11":{"start":{"line":17,"column":12},"end":{"line":17,"column":26}},"12":{"start":{"line":19,"column":12},"end":{"line":19,"column":36}},"13":{"start":{"line":22,"column":8},"end":{"line":22,"column":22}},"14":{"start":{"line":25,"column":4},"end":{"line":36,"column":5}},"15":{"start":{"line":26,"column":8},"end":{"line":26,"column":19}},"16":{"start":{"line":27,"column":8},"end":{"line":33,"column":9}},"17":{"start":{"line":28,"column":20},"end":{"line":28,"column":33}},"18":{"start":{"line":28,"column":34},"end":{"line":28,"column":40}},"19":{"start":{"line":29,"column":20},"end":{"line":29,"column":33}},"20":{"start":{"line":29,"column":34},"end":{"line":29,"column":40}},"21":{"start":{"line":30,"column":20},"end":{"line":30,"column":33}},"22":{"start":{"line":30,"column":34},"end":{"line":30,"column":40}},"23":{"start":{"line":31,"column":20},"end":{"line":31,"column":33}},"24":{"start":{"line":31,"column":34},"end":{"line":31,"column":40}},"25":{"start":{"line":32,"column":21},"end":{"line":32,"column":32}},"26":{"start":{"line":32,"column":33},"end":{"line":32,"column":39}},"27":{"start":{"line":35,"column":8},"end":{"line":35,"column":22}},"28":{"start":{"line":39,"column":0},"end":{"line":39,"column":33}}},"branchMap":{"1":{"line":5,"type":"if","locations":[{"start":{"line":5,"column":8},"end":{"line":5,"column":8}},{"start":{"line":5,"column":8},"end":{"line":5,"column":8}}]},"2":{"line":16,"type":"if","locations":[{"start":{"line":16,"column":8},"end":{"line":16,"column":8}},{"start":{"line":16,"column":8},"end":{"line":16,"column":8}}]},"3":{"line":27,"type":"switch","locations":[{"start":{"line":28,"column":12},"end":{"line":28,"column":40}},{"start":{"line":29,"column":12},"end":{"line":29,"column":40}},{"start":{"line":30,"column":12},"end":{"line":30,"column":40}},{"start":{"line":31,"column":12},"end":{"line":31,"column":40}},{"start":{"line":32,"column":12},"end":{"line":32,"column":39}}]}}},"D:\\Programmable\\NodeProject\\istanbul-exploration\\index.js":{"path":"D:\\Programmable\\NodeProject\\istanbul-exploration\\index.js","s":{"1":0,"2":0,"3":0,"4":0,"5":0,"6":0,"7":0,"8":0,"9":0,"10":0,"11":0},"b":{},"f":{"1":0},"fnMap":{"1":{"name":"(anonymous_1)","line":27,"loc":{"start":{"line":27,"column":13},"end":{"line":27,"column":32}}}},"statementMap":{"1":{"start":{"line":1,"column":0},"end":{"line":1,"column":33}},"2":{"start":{"line":2,"column":0},"end":{"line":2,"column":40}},"3":{"start":{"line":3,"column":0},"end":{"line":3,"column":27}},"4":{"start":{"line":4,"column":0},"end":{"line":4,"column":20}},"5":{"start":{"line":6,"column":0},"end":{"line":6,"column":36}},"6":{"start":{"line":8,"column":0},"end":{"line":8,"column":52}},"7":{"start":{"line":9,"column":0},"end":{"line":9,"column":27}},"8":{"start":{"line":27,"column":0},"end":{"line":29,"column":3}},"9":{"start":{"line":28,"column":4},"end":{"line":28,"column":59}},"10":{"start":{"line":31,"column":0},"end":{"line":31,"column":17}},"11":{"start":{"line":32,"column":0},"end":{"line":32,"column":21}}},"branchMap":{}}}